0 info it worked if it ends with ok
1 verbose cli [ '/home/jordan/.linuxbrew/Cellar/node/6.5.0/bin/node',
1 verbose cli   '/home/jordan/.linuxbrew/bin/npm',
1 verbose cli   'start' ]
2 info using npm@3.10.3
3 info using node@v6.5.0
4 verbose run-script [ 'prestart', 'start', 'poststart' ]
5 info lifecycle discordbot@1.0.0~prestart: discordbot@1.0.0
6 silly lifecycle discordbot@1.0.0~prestart: no script for prestart, continuing
7 info lifecycle discordbot@1.0.0~start: discordbot@1.0.0
8 verbose lifecycle discordbot@1.0.0~start: unsafe-perm in lifecycle true
9 verbose lifecycle discordbot@1.0.0~start: PATH: /home/jordan/.linuxbrew/lib/node_modules/npm/bin/node-gyp-bin:/home/jordan/DiscordBot/node_modules/.bin:/home/jordan/.linuxbrew/Cellar/node/6.5.0/bin:/home/jordan/.linuxbrew/bin:/home/jordan/.linuxbrew/bin:/home/jordan/.linuxbrew/bin:/home/jordan/.linuxbrew/bin:/home/jordan/.linuxbrew/bin:/home/jordan/.linuxbrew/bin:/usr/local/sbin:/usr/local/bin:/usr/sbin:/usr/bin:/sbin:/bin:/usr/games:/usr/local/games:/home/jordan/node-v4.4.2-linux-x64/bin:/home/jordan/node-v4.6.0-linux-x64/bin:./:/home/jordan/node-v4.4.2-linux-x64/bin:/home/jordan/node-v4.6.0-linux-x64/bin
10 verbose lifecycle discordbot@1.0.0~start: CWD: /home/jordan/DiscordBot
11 silly lifecycle discordbot@1.0.0~start: Args: [ '-c', 'node .' ]
12 silly lifecycle discordbot@1.0.0~start: Returned: code: 1  signal: null
13 info lifecycle discordbot@1.0.0~start: Failed to exec start script
14 verbose stack Error: discordbot@1.0.0 start: `node .`
14 verbose stack Exit status 1
14 verbose stack     at EventEmitter.<anonymous> (/home/jordan/.linuxbrew/lib/node_modules/npm/lib/utils/lifecycle.js:242:16)
14 verbose stack     at emitTwo (events.js:106:13)
14 verbose stack     at EventEmitter.emit (events.js:191:7)
14 verbose stack     at ChildProcess.<anonymous> (/home/jordan/.linuxbrew/lib/node_modules/npm/lib/utils/spawn.js:40:14)
14 verbose stack     at emitTwo (events.js:106:13)
14 verbose stack     at ChildProcess.emit (events.js:191:7)
14 verbose stack     at maybeClose (internal/child_process.js:877:16)
14 verbose stack     at Process.ChildProcess._handle.onexit (internal/child_process.js:226:5)
15 verbose pkgid discordbot@1.0.0
16 verbose cwd /home/jordan/DiscordBot
17 error Linux 3.19.0-68-generic
18 error argv "/home/jordan/.linuxbrew/Cellar/node/6.5.0/bin/node" "/home/jordan/.linuxbrew/bin/npm" "start"
19 error node v6.5.0
20 error npm  v3.10.3
21 error code ELIFECYCLE
22 error discordbot@1.0.0 start: `node .`
22 error Exit status 1
23 error Failed at the discordbot@1.0.0 start script 'node .'.
23 error Make sure you have the latest version of node.js and npm installed.
23 error If you do, this is most likely a problem with the discordbot package,
23 error not with npm itself.
23 error Tell the author that this fails on your system:
23 error     node .
23 error You can get information on how to open an issue for this project with:
23 error     npm bugs discordbot
23 error Or if that isn't available, you can get their info via:
23 error     npm owner ls discordbot
23 error There is likely additional logging output above.
24 verbose exit [ 1, true ]
